<?xml version="1.0" encoding="utf-8"?><testsuites name="pytest tests"><testsuite name="pytest" errors="0" failures="0" skipped="0" tests="164" time="0.399" timestamp="2026-09-17T13:48:57.269647+00:00" hostname="localhost"><testcase classname="tests.api.test_api" name="test_openapi_available" time="0.026" /><testcase classname="tests.api.test_api" name="test_health_if_db_exists" time="0.005" /><testcase classname="tests.dq.test_rules" name="test_validator_output_schema" time="0.011" /><testcase classname="tests.etl.test_loader" name="test_source_manifest_exists" time="0.000" /><testcase classname="tests.etl.test_loader" name="test_expected_file_names" time="0.000" /><testcase classname="tests.etl.test_normalise" name="test_ticker[ TCS -TCS]" time="0.000" /><testcase classname="tests.etl.test_normalise" name="test_ticker[tcs-TCS]" time="0.000" /><testcase classname="tests.etl.test_normalise" name="test_ticker[INFY-INFY]" time="0.000" /><testcase classname="tests.etl.test_normalise" name="test_ticker[ hdfcbank -HDFCBANK]" time="0.000" /><testcase classname="tests.etl.test_normalise" name="test_ticker[RELIANCE-RELIANCE]" time="0.000" /><testcase classname="tests.etl.test_normalise" name="test_ticker[itc-ITC]" time="0.000" /><testcase classname="tests.etl.test_normalise" name="test_ticker[  ABB  -ABB]" time="0.000" /><testcase classname="tests.etl.test_normalise" name="test_ticker[aPi-API]" time="0.000" /><testcase classname="tests.etl.test_normalise" name="test_ticker[-]" time="0.000" /><testcase classname="tests.etl.test_normalise" name="test_ticker[None-]" time="0.000" /><testcase classname="tests.etl.test_normalise" name="test_year[Mar-23]" time="0.002" /><testcase classname="tests.etl.test_normalise" name="test_year[2023-03]" time="0.000" /><testcase classname="tests.etl.test_normalise" name="test_year[2023/03]" time="0.000" /><testcase classname="tests.etl.test_normalise" name="test_year[Mar 2023]" time="0.001" /><testcase classname="tests.etl.test_normalise" name="test_year[2024]" time="0.000" /><testcase classname="tests.etl.test_normalise" name="test_year[2020-21]" time="0.000" /><testcase classname="tests.etl.test_normalise" name="test_year[FY2023]" time="0.000" /><testcase classname="tests.etl.test_normalise" name="test_year[Apr-24]" time="0.001" /><testcase classname="tests.etl.test_normalise" name="test_year[Dec-22]" time="0.000" /><testcase classname="tests.etl.test_normalise" name="test_year[Jan-21]" time="0.001" /><testcase classname="tests.kpi.test_extra" name="test_repeated_formula_smoke[0]" time="0.001" /><testcase classname="tests.kpi.test_extra" name="test_repeated_formula_smoke[1]" time="0.004" /><testcase classname="tests.kpi.test_extra" name="test_repeated_formula_smoke[2]" time="0.000" /><testcase classname="tests.kpi.test_extra" name="test_repeated_formula_smoke[3]" time="0.000" /><testcase classname="tests.kpi.test_extra" name="test_repeated_formula_smoke[4]" time="0.000" /><testcase classname="tests.kpi.test_extra" name="test_repeated_formula_smoke[5]" time="0.000" /><testcase classname="tests.kpi.test_extra" name="test_repeated_formula_smoke[6]" time="0.000" /><testcase classname="tests.kpi.test_extra" name="test_repeated_formula_smoke[7]" time="0.000" /><testcase classname="tests.kpi.test_extra" name="test_repeated_formula_smoke[8]" time="0.001" /><testcase classname="tests.kpi.test_extra" name="test_repeated_formula_smoke[9]" time="0.000" /><testcase classname="tests.kpi.test_extra" name="test_repeated_formula_smoke[10]" time="0.000" /><testcase classname="tests.kpi.test_extra" name="test_repeated_formula_smoke[11]" time="0.000" /><testcase classname="tests.kpi.test_extra" name="test_repeated_formula_smoke[12]" time="0.000" /><testcase classname="tests.kpi.test_extra" name="test_repeated_formula_smoke[13]" time="0.000" /><testcase classname="tests.kpi.test_extra" name="test_repeated_formula_smoke[14]" time="0.000" /><testcase classname="tests.kpi.test_extra" name="test_repeated_formula_smoke[15]" time="0.000" /><testcase classname="tests.kpi.test_extra" name="test_repeated_formula_smoke[16]" time="0.000" /><testcase classname="tests.kpi.test_extra" name="test_repeated_formula_smoke[17]" time="0.000" /><testcase classname="tests.kpi.test_extra" name="test_repeated_formula_smoke[18]" time="0.000" /><testcase classname="tests.kpi.test_extra" name="test_repeated_formula_smoke[19]" time="0.000" /><testcase classname="tests.kpi.test_extra" name="test_repeated_formula_smoke[20]" time="0.000" /><testcase classname="tests.kpi.test_extra" name="test_repeated_formula_smoke[21]" time="0.000" /><testcase classname="tests.kpi.test_extra" name="test_repeated_formula_smoke[22]" time="0.000" /><testcase classname="tests.kpi.test_extra" name="test_repeated_formula_smoke[23]" time="0.001" /><testcase classname="tests.kpi.test_extra" name="test_repeated_formula_smoke[24]" time="0.000" /><testcase classname="tests.kpi.test_extra" name="test_repeated_formula_smoke[25]" time="0.000" /><testcase classname="tests.kpi.test_extra" name="test_repeated_formula_smoke[26]" time="0.000" /><testcase classname="tests.kpi.test_extra" name="test_repeated_formula_smoke[27]" time="0.000" /><testcase classname="tests.kpi.test_extra" name="test_repeated_formula_smoke[28]" time="0.000" /><testcase classname="tests.kpi.test_extra" name="test_repeated_formula_smoke[29]" time="0.000" /><testcase classname="tests.kpi.test_formulas" name="test_cagr_cases[100-121-2-None]" time="0.000" /><testcase classname="tests.kpi.test_formulas" name="test_cagr_cases[100-110-1-None]" time="0.000" /><testcase classname="tests.kpi.test_formulas" name="test_cagr_cases[10-20-2-None]" time="0.000" /><testcase classname="tests.kpi.test_formulas" name="test_cagr_cases[0-10-5-ZERO_BASE]" time="0.000" /><testcase classname="tests.kpi.test_formulas" name="test_cagr_cases[-10-10-5-TURNAROUND]" time="0.000" /><testcase classname="tests.kpi.test_formulas" name="test_cagr_cases[10--10-5-DECLINE_TO_LOSS]" time="0.000" /><testcase classname="tests.kpi.test_formulas" name="test_cagr_cases[-10--5-5-BOTH_NEGATIVE]" time="0.000" /><testcase classname="tests.kpi.test_formulas" name="test_cagr_positive[100-110]" time="0.000" /><testcase classname="tests.kpi.test_formulas" name="test_cagr_positive[200-250]" time="0.000" /><testcase classname="tests.kpi.test_formulas" name="test_cagr_positive[50-75]" time="0.000" /><testcase classname="tests.kpi.test_formulas" name="test_cagr_positive[1000-1200]" time="0.000" /><testcase classname="tests.kpi.test_formulas" name="test_cagr_positive[10-15]" time="0.000" /><testcase classname="tests.kpi.test_formulas" name="test_cagr_positive[1-2]" time="0.000" /><testcase classname="tests.kpi.test_formulas" name="test_cagr_positive[5-5]" time="0.000" /><testcase classname="tests.kpi.test_formulas" name="test_cagr_positive[80-90]" time="0.000" /><testcase classname="tests.kpi.test_formulas" name="test_cagr_positive[30-45]" time="0.000" /><testcase classname="tests.kpi.test_formulas" name="test_cagr_positive[400-600]" time="0.000" /><testcase classname="tests.kpi.test_formulas" name="test_cfo_quality[vals0-High Quality]" time="0.000" /><testcase classname="tests.kpi.test_formulas" name="test_cfo_quality[vals1-Moderate]" time="0.000" /><testcase classname="tests.kpi.test_formulas" name="test_cfo_quality[vals2-Accrual Risk]" time="0.000" /><testcase classname="tests.kpi.test_formulas" name="test_capex[10-1000-Asset Light]" time="0.000" /><testcase classname="tests.kpi.test_formulas" name="test_capex[50-1000-Moderate]" time="0.000" /><testcase classname="tests.kpi.test_formulas" name="test_capex[100-1000-Capital Intensive]" time="0.000" /><testcase classname="tests.kpi.test_formulas" name="test_allocation[1--1--1-Reinvestor]" time="0.000" /><testcase classname="tests.kpi.test_formulas" name="test_allocation[1--1-1-Mixed]" time="0.000" /><testcase classname="tests.kpi.test_formulas" name="test_allocation[1-1--1-Liquidating Assets]" time="0.000" /><testcase classname="tests.kpi.test_formulas" name="test_allocation[-1-1-1-Distress Signal]" time="0.000" /><testcase classname="tests.kpi.test_formulas" name="test_allocation[-1--1-1-Growth Funded by Debt]" time="0.000" /><testcase classname="tests.kpi.test_formulas" name="test_allocation[1-1-1-Cash Accumulator]" time="0.000" /><testcase classname="tests.kpi.test_formulas" name="test_allocation[-1--1--1-Pre-Revenue]" time="0.000" /><testcase classname="tests.kpi.test_formulas" name="test_fcf[10--3-7]" time="0.000" /><testcase classname="tests.kpi.test_formulas" name="test_fcf[0-0-0]" time="0.000" /><testcase classname="tests.kpi.test_formulas" name="test_fcf[100--50-50]" time="0.000" /><testcase classname="tests.kpi.test_formulas" name="test_fcf[-1--2--3]" time="0.000" /><testcase classname="tests.kpi.test_formulas" name="test_fcf[20--10-10]" time="0.000" /><testcase classname="tests.test_formulas" name="test_cagr_positive" time="0.000" /><testcase classname="tests.test_formulas" name="test_cagr_turnaround" time="0.000" /><testcase classname="tests.test_formulas" name="test_cagr_decline_loss" time="0.000" /><testcase classname="tests.test_formulas" name="test_cagr_both_negative" time="0.000" /><testcase classname="tests.test_formulas" name="test_cagr_zero" time="0.000" /><testcase classname="tests.test_formulas" name="test_cagr_insufficient" time="0.000" /><testcase classname="tests.test_formulas" name="test_reinvestor" time="0.000" /><testcase classname="tests.test_formulas" name="test_cash_accumulator" time="0.000" /><testcase classname="tests.test_formulas" name="test_distress" time="0.000" /><testcase classname="tests.test_formulas" name="test_debt_growth" time="0.000" /><testcase classname="tests.test_pipeline" name="test_db_exists" time="0.000" /><testcase classname="tests.test_pipeline" name="test_companies_92" time="0.001" /><testcase classname="tests.test_pipeline" name="test_fk_clean" time="0.002" /><testcase classname="tests.test_pipeline" name="test_ratios_1100" time="0.001" /><testcase classname="tests.test_smoke_01" name="test_ticker_1" time="0.000" /><testcase classname="tests.test_smoke_01" name="test_year_1" time="0.001" /><testcase classname="tests.test_smoke_02" name="test_ticker_2" time="0.000" /><testcase classname="tests.test_smoke_02" name="test_year_2" time="0.000" /><testcase classname="tests.test_smoke_03" name="test_ticker_3" time="0.000" /><testcase classname="tests.test_smoke_03" name="test_year_3" time="0.000" /><testcase classname="tests.test_smoke_04" name="test_ticker_4" time="0.000" /><testcase classname="tests.test_smoke_04" name="test_year_4" time="0.000" /><testcase classname="tests.test_smoke_05" name="test_ticker_5" time="0.000" /><testcase classname="tests.test_smoke_05" name="test_year_5" time="0.000" /><testcase classname="tests.test_smoke_06" name="test_ticker_6" time="0.000" /><testcase classname="tests.test_smoke_06" name="test_year_6" time="0.000" /><testcase classname="tests.test_smoke_07" name="test_ticker_7" time="0.000" /><testcase classname="tests.test_smoke_07" name="test_year_7" time="0.000" /><testcase classname="tests.test_smoke_08" name="test_ticker_8" time="0.000" /><testcase classname="tests.test_smoke_08" name="test_year_8" time="0.001" /><testcase classname="tests.test_smoke_09" name="test_ticker_9" time="0.000" /><testcase classname="tests.test_smoke_09" name="test_year_9" time="0.000" /><testcase classname="tests.test_smoke_10" name="test_ticker_10" time="0.000" /><testcase classname="tests.test_smoke_10" name="test_year_10" time="0.000" /><testcase classname="tests.test_smoke_11" name="test_ticker_11" time="0.000" /><testcase classname="tests.test_smoke_11" name="test_year_11" time="0.000" /><testcase classname="tests.test_smoke_12" name="test_ticker_12" time="0.000" /><testcase classname="tests.test_smoke_12" name="test_year_12" time="0.000" /><testcase classname="tests.test_smoke_13" name="test_ticker_13" time="0.000" /><testcase classname="tests.test_smoke_13" name="test_year_13" time="0.000" /><testcase classname="tests.test_smoke_14" name="test_ticker_14" time="0.000" /><testcase classname="tests.test_smoke_14" name="test_year_14" time="0.000" /><testcase classname="tests.test_smoke_15" name="test_ticker_15" time="0.000" /><testcase classname="tests.test_smoke_15" name="test_year_15" time="0.000" /><testcase classname="tests.test_smoke_16" name="test_ticker_16" time="0.000" /><testcase classname="tests.test_smoke_16" name="test_year_16" time="0.000" /><testcase classname="tests.test_smoke_17" name="test_ticker_17" time="0.000" /><testcase classname="tests.test_smoke_17" name="test_year_17" time="0.000" /><testcase classname="tests.test_smoke_18" name="test_ticker_18" time="0.000" /><testcase classname="tests.test_smoke_18" name="test_year_18" time="0.000" /><testcase classname="tests.test_smoke_19" name="test_ticker_19" time="0.000" /><testcase classname="tests.test_smoke_19" name="test_year_19" time="0.000" /><testcase classname="tests.test_smoke_20" name="test_ticker_20" time="0.000" /><testcase classname="tests.test_smoke_20" name="test_year_20" time="0.000" /><testcase classname="tests.test_smoke_21" name="test_ticker_21" time="0.000" /><testcase classname="tests.test_smoke_21" name="test_year_21" time="0.000" /><testcase classname="tests.test_smoke_22" name="test_ticker_22" time="0.000" /><testcase classname="tests.test_smoke_22" name="test_year_22" time="0.000" /><testcase classname="tests.test_smoke_23" name="test_ticker_23" time="0.000" /><testcase classname="tests.test_smoke_23" name="test_year_23" time="0.000" /><testcase classname="tests.test_smoke_24" name="test_ticker_24" time="0.000" /><testcase classname="tests.test_smoke_24" name="test_year_24" time="0.001" /><testcase classname="tests.test_smoke_25" name="test_ticker_25" time="0.000" /><testcase classname="tests.test_smoke_25" name="test_year_25" time="0.000" /><testcase classname="tests.test_smoke_26" name="test_ticker_26" time="0.000" /><testcase classname="tests.test_smoke_26" name="test_year_26" time="0.000" /><testcase classname="tests.test_smoke_27" name="test_ticker_27" time="0.000" /><testcase classname="tests.test_smoke_27" name="test_year_27" time="0.000" /><testcase classname="tests.test_smoke_28" name="test_ticker_28" time="0.000" /><testcase classname="tests.test_smoke_28" name="test_year_28" time="0.001" /><testcase classname="tests.test_smoke_29" name="test_ticker_29" time="0.000" /><testcase classname="tests.test_smoke_29" name="test_year_29" time="0.000" /><testcase classname="tests.test_smoke_30" name="test_ticker_30" time="0.000" /><testcase classname="tests.test_smoke_30" name="test_year_30" time="0.000" /></testsuite></testsuites>